<?xml version="1.0" encoding="UTF-8"?>
<testsuite name="com.smartjob.ejerciciojava.EjerciciojavaApplicationTests" tests="1" skipped="0" failures="0" errors="0" timestamp="2025-09-06T04:04:27.018Z" hostname="oscar-pc" time="0.562">
  <properties/>
  <testcase name="contextLoads()" classname="com.smartjob.ejerciciojava.EjerciciojavaApplicationTests" time="0.562"/>
  <system-out><![CDATA[00:04:20.803 [Test worker] INFO org.springframework.test.context.support.AnnotationConfigContextLoaderUtils -- Could not detect default configuration classes for test class [com.smartjob.ejerciciojava.EjerciciojavaApplicationTests]: EjerciciojavaApplicationTests does not declare any static, non-private, non-final, nested classes annotated with @Configuration.
00:04:20.989 [Test worker] INFO org.springframework.boot.test.context.SpringBootTestContextBootstrapper -- Found @SpringBootConfiguration com.smartjob.ejerciciojava.EjerciciojavaApplication for test class com.smartjob.ejerciciojava.EjerciciojavaApplicationTests

  .   ____          _            __ _ _
 /\\ / ___'_ __ _ _(_)_ __  __ _ \ \ \ \
( ( )\___ | '_ | '_| | '_ \/ _` | \ \ \ \
 \\/  ___)| |_)| | | | | || (_| |  ) ) ) )
  '  |____| .__|_| |_|_| |_\__, | / / / /
 =========|_|==============|___/=/_/_/_/

 :: Spring Boot ::                (v3.5.5)

2025-09-06T00:04:21.692-04:00  INFO 269113 --- [ejerciciojava] [    Test worker] c.s.e.EjerciciojavaApplicationTests      : Starting EjerciciojavaApplicationTests using Java 17.0.16 with PID 269113 (started by oscarn in /home/oscarn/Proyects/smartjob/ejercicio-java)
2025-09-06T00:04:21.695-04:00  INFO 269113 --- [ejerciciojava] [    Test worker] c.s.e.EjerciciojavaApplicationTests      : No active profile set, falling back to 1 default profile: "default"
2025-09-06T00:04:23.000-04:00  INFO 269113 --- [ejerciciojava] [    Test worker] .s.d.r.c.RepositoryConfigurationDelegate : Bootstrapping Spring Data JPA repositories in DEFAULT mode.
2025-09-06T00:04:23.078-04:00  INFO 269113 --- [ejerciciojava] [    Test worker] .s.d.r.c.RepositoryConfigurationDelegate : Finished Spring Data repository scanning in 65 ms. Found 1 JPA repository interface.
2025-09-06T00:04:23.696-04:00  INFO 269113 --- [ejerciciojava] [    Test worker] o.hibernate.jpa.internal.util.LogHelper  : HHH000204: Processing PersistenceUnitInfo [name: default]
2025-09-06T00:04:23.767-04:00  INFO 269113 --- [ejerciciojava] [    Test worker] org.hibernate.Version                    : HHH000412: Hibernate ORM core version 6.6.26.Final
2025-09-06T00:04:23.808-04:00  INFO 269113 --- [ejerciciojava] [    Test worker] o.h.c.internal.RegionFactoryInitiator    : HHH000026: Second-level cache disabled
2025-09-06T00:04:24.188-04:00  INFO 269113 --- [ejerciciojava] [    Test worker] o.s.o.j.p.SpringPersistenceUnitInfo      : No LoadTimeWeaver setup: ignoring JPA class transformer
2025-09-06T00:04:24.225-04:00  INFO 269113 --- [ejerciciojava] [    Test worker] com.zaxxer.hikari.HikariDataSource       : HikariPool-1 - Starting...
2025-09-06T00:04:24.448-04:00  INFO 269113 --- [ejerciciojava] [    Test worker] com.zaxxer.hikari.pool.HikariPool        : HikariPool-1 - Added connection conn0: url=jdbc:h2:mem:productdb user=SA
2025-09-06T00:04:24.451-04:00  INFO 269113 --- [ejerciciojava] [    Test worker] com.zaxxer.hikari.HikariDataSource       : HikariPool-1 - Start completed.
2025-09-06T00:04:24.481-04:00  WARN 269113 --- [ejerciciojava] [    Test worker] org.hibernate.orm.deprecation            : HHH90000025: H2Dialect does not need to be specified explicitly using 'hibernate.dialect' (remove the property setting and it will be selected by default)
2025-09-06T00:04:24.510-04:00  INFO 269113 --- [ejerciciojava] [    Test worker] org.hibernate.orm.connections.pooling    : HHH10001005: Database info:
	Database JDBC URL [Connecting through datasource 'HikariDataSource (HikariPool-1)']
	Database driver: undefined/unknown
	Database version: 2.3.232
	Autocommit mode: undefined/unknown
	Isolation level: undefined/unknown
	Minimum pool size: undefined/unknown
	Maximum pool size: undefined/unknown
2025-09-06T00:04:25.624-04:00  INFO 269113 --- [ejerciciojava] [    Test worker] o.h.e.t.j.p.i.JtaPlatformInitiator       : HHH000489: No JTA platform available (set 'hibernate.transaction.jta.platform' to enable JTA platform integration)
Hibernate: drop table if exists phonenumber cascade 
Hibernate: drop table if exists users cascade 
Hibernate: create table phonenumber (city_code integer, country_code integer, id bigint generated by default as identity, number bigint not null, user_id bigint, primary key (id))
Hibernate: create table users (created_at timestamp(6), last_login timestamp(6), modified_at timestamp(6), updated_at timestamp(6), user_id bigint generated by default as identity, name varchar(100) not null, email varchar(150) not null unique, password varchar(255) not null, primary key (user_id))
Hibernate: alter table if exists phonenumber add constraint FKlc32ask0vp2wrbvvpx2erund7 foreign key (user_id) references users
2025-09-06T00:04:25.688-04:00  INFO 269113 --- [ejerciciojava] [    Test worker] j.LocalContainerEntityManagerFactoryBean : Initialized JPA EntityManagerFactory for persistence unit 'default'
2025-09-06T00:04:26.260-04:00  WARN 269113 --- [ejerciciojava] [    Test worker] JpaBaseConfiguration$JpaWebConfiguration : spring.jpa.open-in-view is enabled by default. Therefore, database queries may be performed during view rendering. Explicitly configure spring.jpa.open-in-view to disable this warning
2025-09-06T00:04:26.862-04:00  INFO 269113 --- [ejerciciojava] [    Test worker] o.s.b.a.h2.H2ConsoleAutoConfiguration    : H2 console available at '/h2-console'. Database available at 'jdbc:h2:mem:productdb'
2025-09-06T00:04:27.001-04:00  INFO 269113 --- [ejerciciojava] [    Test worker] c.s.e.EjerciciojavaApplicationTests      : Started EjerciciojavaApplicationTests in 5.741 seconds (process running for 7.612)
]]></system-out>
  <system-err><![CDATA[]]></system-err>
</testsuite>
